<?xml version="1.0" encoding="UTF-8"?>
<testsuite xmlns:xsi="http://www.w3.org/2001/XMLSchema-instance" xsi:noNamespaceSchemaLocation="https://maven.apache.org/surefire/maven-surefire-plugin/xsd/surefire-test-report-3.0.xsd" version="3.0" name="be.ucll.unit.model.AddressTest" time="0.041" tests="6" errors="0" skipped="0" failures="0">
  <properties>
[...]
</properties>
  <testcase name="givenInvalidStreet_whenInitiatingAddress_thenErrorIsThrown" classname="be.ucll.unit.model.AddressTest" time="0.025"/>
  <testcase name="givenNegativeNumber_whenInitiatingAddress_thenErrorIsThrown" classname="be.ucll.unit.model.AddressTest" time="0.001"/>
  <testcase name="givenInvalidPlace_whenInitiatingAddress_thenErrorIsThrown" classname="be.ucll.unit.model.AddressTest" time="0.002"/>
  <testcase name="givenNullPlace_whenInitiatingAddress_thenErrorIsThrown" classname="be.ucll.unit.model.AddressTest" time="0.001"/>
  <testcase name="givenValidAddress_whenInitiatingAddress_thenAddressIsInitiated" classname="be.ucll.unit.model.AddressTest" time="0.0"/>
  <testcase name="givenNullStreet_whenInitiatingAddress_thenErrorIsThrown" classname="be.ucll.unit.model.AddressTest" time="0.0"/>
</testsuite>