<?xml version="1.0" encoding="UTF-8"?>
<testsuite xmlns:xsi="http://www.w3.org/2001/XMLSchema-instance" xsi:noNamespaceSchemaLocation="https://maven.apache.org/surefire/maven-surefire-plugin/xsd/surefire-test-report-3.0.xsd" version="3.0" name="be.ucll.integration.AnimalIntegrationTest" time="9.638" tests="3" errors="0" skipped="0" failures="0">
  <properties>
[...]
</properties>
  <testcase name="givenStartAnimals_whenGettingAnimalsAboveAge5_thenRightAnimalsAreReturned" classname="be.ucll.integration.AnimalIntegrationTest" time="1.026">
    <system-out><![CDATA[15:15:58.430 [main] INFO org.springframework.test.context.support.AnnotationConfigContextLoaderUtils -- Could not detect default configuration classes for test class [be.ucll.integration.AnimalIntegrationTest]: AnimalIntegrationTest does not declare any static, non-private, non-final, nested classes annotated with @Configuration.
15:15:58.536 [main] INFO org.springframework.boot.test.context.SpringBootTestContextBootstrapper -- Found @SpringBootConfiguration be.ucll.Main for test class be.ucll.integration.AnimalIntegrationTest
15:15:58.725 [main] INFO org.springframework.boot.devtools.restart.RestartApplicationListener -- Restart disabled due to context in which it is running

  .   ____          _            __ _ _
 /\\ / ___'_ __ _ _(_)_ __  __ _ \ \ \ \
( ( )\___ | '_ | '_| | '_ \/ _` | \ \ \ \
 \\/  ___)| |_)| | | | | || (_| |  ) ) ) )
  '  |____| .__|_| |_|_| |_\__, | / / / /
 =========|_|==============|___/=/_/_/_/
 :: Spring Boot ::                (v3.2.6)

2024-06-09T15:15:58.975+02:00  INFO 10488 --- [           main] b.u.integration.AnimalIntegrationTest    : Starting AnimalIntegrationTest using Java 21.0.2 with PID 10488 (started by ikkiv in c:\Users\ikkiv\Desktop\UCLL\EersteJaar\Semester2\Back-End\Pony Examen Oefening\pony)
2024-06-09T15:15:58.976+02:00  INFO 10488 --- [           main] b.u.integration.AnimalIntegrationTest    : No active profile set, falling back to 1 default profile: "default"
2024-06-09T15:16:00.153+02:00  INFO 10488 --- [           main] .s.d.r.c.RepositoryConfigurationDelegate : Multiple Spring Data modules found, entering strict repository configuration mode
2024-06-09T15:16:00.155+02:00  INFO 10488 --- [           main] .s.d.r.c.RepositoryConfigurationDelegate : Bootstrapping Spring Data JDBC repositories in DEFAULT mode.
2024-06-09T15:16:00.189+02:00  INFO 10488 --- [           main] .RepositoryConfigurationExtensionSupport : Spring Data JDBC - Could not safely identify store assignment for repository candidate interface be.ucll.repository.AnimalRepository; If you want this repository to be a JDBC repository, consider annotating your entities with one of these annotations: org.springframework.data.relational.core.mapping.Table.
2024-06-09T15:16:00.191+02:00  INFO 10488 --- [           main] .RepositoryConfigurationExtensionSupport : Spring Data JDBC - Could not safely identify store assignment for repository candidate interface be.ucll.repository.StableRepository; If you want this repository to be a JDBC repository, consider annotating your entities with one of these annotations: org.springframework.data.relational.core.mapping.Table.
2024-06-09T15:16:00.192+02:00  INFO 10488 --- [           main] .RepositoryConfigurationExtensionSupport : Spring Data JDBC - Could not safely identify store assignment for repository candidate interface be.ucll.repository.ToyRepository; If you want this repository to be a JDBC repository, consider annotating your entities with one of these annotations: org.springframework.data.relational.core.mapping.Table.
2024-06-09T15:16:00.192+02:00  INFO 10488 --- [           main] .s.d.r.c.RepositoryConfigurationDelegate : Finished Spring Data repository scanning in 32 ms. Found 0 JDBC repository interfaces.
2024-06-09T15:16:00.203+02:00  INFO 10488 --- [           main] .s.d.r.c.RepositoryConfigurationDelegate : Multiple Spring Data modules found, entering strict repository configuration mode
2024-06-09T15:16:00.203+02:00  INFO 10488 --- [           main] .s.d.r.c.RepositoryConfigurationDelegate : Bootstrapping Spring Data JPA repositories in DEFAULT mode.
2024-06-09T15:16:00.348+02:00  INFO 10488 --- [           main] .s.d.r.c.RepositoryConfigurationDelegate : Finished Spring Data repository scanning in 140 ms. Found 3 JPA repository interfaces.
2024-06-09T15:16:01.703+02:00  INFO 10488 --- [           main] o.s.b.w.embedded.tomcat.TomcatWebServer  : Tomcat initialized with port 0 (http)
2024-06-09T15:16:01.727+02:00  INFO 10488 --- [           main] o.apache.catalina.core.StandardService   : Starting service [Tomcat]
2024-06-09T15:16:01.727+02:00  INFO 10488 --- [           main] o.apache.catalina.core.StandardEngine    : Starting Servlet engine: [Apache Tomcat/10.1.24]
2024-06-09T15:16:01.816+02:00  INFO 10488 --- [           main] o.a.c.c.C.[Tomcat].[localhost].[/]       : Initializing Spring embedded WebApplicationContext
2024-06-09T15:16:01.817+02:00  INFO 10488 --- [           main] w.s.c.ServletWebServerApplicationContext : Root WebApplicationContext: initialization completed in 2828 ms
2024-06-09T15:16:02.055+02:00  INFO 10488 --- [           main] com.zaxxer.hikari.HikariDataSource       : HikariPool-1 - Starting...
2024-06-09T15:16:02.335+02:00  INFO 10488 --- [           main] com.zaxxer.hikari.pool.HikariPool        : HikariPool-1 - Added connection conn0: url=jdbc:h2:mem:pony user=SA
2024-06-09T15:16:02.339+02:00  INFO 10488 --- [           main] com.zaxxer.hikari.HikariDataSource       : HikariPool-1 - Start completed.
2024-06-09T15:16:02.354+02:00  INFO 10488 --- [           main] o.s.b.a.h2.H2ConsoleAutoConfiguration    : H2 console available at '/h2'. Database available at 'jdbc:h2:mem:pony'
2024-06-09T15:16:02.820+02:00  INFO 10488 --- [           main] o.hibernate.jpa.internal.util.LogHelper  : HHH000204: Processing PersistenceUnitInfo [name: default]
2024-06-09T15:16:02.952+02:00  INFO 10488 --- [           main] org.hibernate.Version                    : HHH000412: Hibernate ORM core version 6.4.8.Final
2024-06-09T15:16:03.003+02:00  INFO 10488 --- [           main] o.h.c.internal.RegionFactoryInitiator    : HHH000026: Second-level cache disabled
2024-06-09T15:16:03.267+02:00  INFO 10488 --- [           main] o.s.o.j.p.SpringPersistenceUnitInfo      : No LoadTimeWeaver setup: ignoring JPA class transformer
2024-06-09T15:16:03.305+02:00  WARN 10488 --- [           main] org.hibernate.orm.deprecation            : HHH90000025: H2Dialect does not need to be specified explicitly using 'hibernate.dialect' (remove the property setting and it will be selected by default)
2024-06-09T15:16:04.238+02:00  INFO 10488 --- [           main] o.h.e.t.j.p.i.JtaPlatformInitiator       : HHH000489: No JTA platform available (set 'hibernate.transaction.jta.platform' to enable JTA platform integration)
2024-06-09T15:16:04.242+02:00  INFO 10488 --- [           main] j.LocalContainerEntityManagerFactoryBean : Initialized JPA EntityManagerFactory for persistence unit 'default'
Hibernate: insert into my_animals (age,name,stable_id,id) values (?,?,?,default)
Hibernate: insert into my_animals (age,name,stable_id,id) values (?,?,?,default)
Hibernate: insert into my_animals (age,name,stable_id,id) values (?,?,?,default)
Hibernate: insert into my_animals (age,name,stable_id,id) values (?,?,?,default)
Hibernate: insert into my_toys (name,id) values (?,default)
Hibernate: insert into my_toys (name,id) values (?,default)
Hibernate: insert into my_stables (address_id,capacity,name,id) values (?,?,?,default)
Hibernate: insert into my_stables (address_id,capacity,name,id) values (?,?,?,default)
Hibernate: update my_animals set stable_id=? where id=?
Hibernate: insert into my_stables (address_id,capacity,name,id) values (?,?,?,default)
Hibernate: update my_animals set stable_id=? where id=?
2024-06-09T15:16:05.155+02:00  WARN 10488 --- [           main] JpaBaseConfiguration$JpaWebConfiguration : spring.jpa.open-in-view is enabled by default. Therefore, database queries may be performed during view rendering. Explicitly configure spring.jpa.open-in-view to disable this warning
2024-06-09T15:16:06.364+02:00  INFO 10488 --- [           main] o.s.b.a.e.web.EndpointLinksResolver      : Exposing 1 endpoint(s) beneath base path '/actuator'
2024-06-09T15:16:06.519+02:00  INFO 10488 --- [           main] o.s.b.w.embedded.tomcat.TomcatWebServer  : Tomcat started on port 62261 (http) with context path ''
2024-06-09T15:16:06.532+02:00  INFO 10488 --- [           main] b.u.integration.AnimalIntegrationTest    : Started AnimalIntegrationTest in 7.821 seconds (process running for 8.791)
Hibernate: insert into my_animals (age,name,stable_id,id) values (?,?,?,default)
Hibernate: insert into my_animals (age,name,stable_id,id) values (?,?,?,default)
Hibernate: insert into my_animals (age,name,stable_id,id) values (?,?,?,default)
Hibernate: insert into my_animals (age,name,stable_id,id) values (?,?,?,default)
Hibernate: insert into my_toys (name,id) values (?,default)
Hibernate: insert into my_toys (name,id) values (?,default)
Hibernate: insert into my_stables (address_id,capacity,name,id) values (?,?,?,default)
Hibernate: insert into my_stables (address_id,capacity,name,id) values (?,?,?,default)
Hibernate: update my_animals set stable_id=? where id=?
Hibernate: insert into my_stables (address_id,capacity,name,id) values (?,?,?,default)
Hibernate: update my_animals set stable_id=? where id=?
2024-06-09T15:16:07.529+02:00  INFO 10488 --- [o-auto-1-exec-1] o.a.c.c.C.[Tomcat].[localhost].[/]       : Initializing Spring DispatcherServlet 'dispatcherServlet'
2024-06-09T15:16:07.529+02:00  INFO 10488 --- [o-auto-1-exec-1] o.s.web.servlet.DispatcherServlet        : Initializing Servlet 'dispatcherServlet'
2024-06-09T15:16:07.530+02:00  INFO 10488 --- [o-auto-1-exec-1] o.s.web.servlet.DispatcherServlet        : Completed initialization in 1 ms
Hibernate: select a1_0.id,a1_0.age,a1_0.name,a1_0.stable_id from my_animals a1_0 where a1_0.age>?
Hibernate: select s1_0.id,a1_0.id,a1_0.number,a1_0.place,a1_0.street,s1_0.capacity,s1_0.name from my_stables s1_0 left join my_addresses a1_0 on a1_0.id=s1_0.address_id where s1_0.id=?
Hibernate: select t1_0.animal_id,t1_1.id,t1_1.name from animals_toys t1_0 join my_toys t1_1 on t1_1.id=t1_0.toy_id where t1_0.animal_id=?
Hibernate: select t1_0.animal_id,t1_1.id,t1_1.name from animals_toys t1_0 join my_toys t1_1 on t1_1.id=t1_0.toy_id where t1_0.animal_id=?
]]></system-out>
    <system-err><![CDATA[WARNING: A Java agent has been loaded dynamically (C:\Users\ikkiv\.m2\repository\net\bytebuddy\byte-buddy-agent\1.14.16\byte-buddy-agent-1.14.16.jar)
WARNING: If a serviceability tool is in use, please run with -XX:+EnableDynamicAgentLoading to hide this warning
WARNING: If a serviceability tool is not in use, please run with -Djdk.instrument.traceUsage for more information
WARNING: Dynamic loading of agents will be disallowed by default in a future release
]]></system-err>
  </testcase>
  <testcase name="givenStartAnimals_whenGettingAllAnimals_thenAnimalsAreReturned" classname="be.ucll.integration.AnimalIntegrationTest" time="0.046">
    <system-out><![CDATA[Hibernate: insert into my_animals (age,name,stable_id,id) values (?,?,?,default)
Hibernate: insert into my_animals (age,name,stable_id,id) values (?,?,?,default)
Hibernate: insert into my_animals (age,name,stable_id,id) values (?,?,?,default)
Hibernate: insert into my_animals (age,name,stable_id,id) values (?,?,?,default)
Hibernate: insert into my_toys (name,id) values (?,default)
Hibernate: insert into my_toys (name,id) values (?,default)
Hibernate: insert into my_stables (address_id,capacity,name,id) values (?,?,?,default)
Hibernate: insert into my_stables (address_id,capacity,name,id) values (?,?,?,default)
Hibernate: update my_animals set stable_id=? where id=?
Hibernate: insert into my_stables (address_id,capacity,name,id) values (?,?,?,default)
Hibernate: update my_animals set stable_id=? where id=?
Hibernate: select a1_0.id,a1_0.age,a1_0.name,a1_0.stable_id from my_animals a1_0
Hibernate: select s1_0.id,a1_0.id,a1_0.number,a1_0.place,a1_0.street,s1_0.capacity,s1_0.name from my_stables s1_0 left join my_addresses a1_0 on a1_0.id=s1_0.address_id where s1_0.id=?
Hibernate: select s1_0.id,a1_0.id,a1_0.number,a1_0.place,a1_0.street,s1_0.capacity,s1_0.name from my_stables s1_0 left join my_addresses a1_0 on a1_0.id=s1_0.address_id where s1_0.id=?
Hibernate: select t1_0.animal_id,t1_1.id,t1_1.name from animals_toys t1_0 join my_toys t1_1 on t1_1.id=t1_0.toy_id where t1_0.animal_id=?
Hibernate: select t1_0.animal_id,t1_1.id,t1_1.name from animals_toys t1_0 join my_toys t1_1 on t1_1.id=t1_0.toy_id where t1_0.animal_id=?
Hibernate: select t1_0.animal_id,t1_1.id,t1_1.name from animals_toys t1_0 join my_toys t1_1 on t1_1.id=t1_0.toy_id where t1_0.animal_id=?
Hibernate: select t1_0.animal_id,t1_1.id,t1_1.name from animals_toys t1_0 join my_toys t1_1 on t1_1.id=t1_0.toy_id where t1_0.animal_id=?
]]></system-out>
  </testcase>
  <testcase name="givenStartAnimals_whenGettingOldestAnimal_thenBellaIsReturned" classname="be.ucll.integration.AnimalIntegrationTest" time="0.064">
    <system-out><![CDATA[Hibernate: insert into my_animals (age,name,stable_id,id) values (?,?,?,default)
Hibernate: insert into my_animals (age,name,stable_id,id) values (?,?,?,default)
Hibernate: insert into my_animals (age,name,stable_id,id) values (?,?,?,default)
Hibernate: insert into my_animals (age,name,stable_id,id) values (?,?,?,default)
Hibernate: insert into my_toys (name,id) values (?,default)
Hibernate: insert into my_toys (name,id) values (?,default)
Hibernate: insert into my_stables (address_id,capacity,name,id) values (?,?,?,default)
Hibernate: insert into my_stables (address_id,capacity,name,id) values (?,?,?,default)
Hibernate: update my_animals set stable_id=? where id=?
Hibernate: insert into my_stables (address_id,capacity,name,id) values (?,?,?,default)
Hibernate: update my_animals set stable_id=? where id=?
Hibernate: select a1_0.id,a1_0.age,a1_0.name,a1_0.stable_id from my_animals a1_0 order by a1_0.age desc fetch first ? rows only
Hibernate: select t1_0.animal_id,t1_1.id,t1_1.name from animals_toys t1_0 join my_toys t1_1 on t1_1.id=t1_0.toy_id where t1_0.animal_id=?
]]></system-out>
  </testcase>
</testsuite>